<?xml version="1.0" encoding="UTF-8"?>
<!-- Generated by org.testng.reporters.JUnitReportReporter -->
<testsuite hostname="FH400" failures="0" tests="1" name="com.bridgelabz.GET_PrintAllHeaders" time="3.958" errors="0" timestamp="25 Jul 2019 12:19:19 GMT" skipped="0">
  <testcase classname="com.bridgelabz.GET_PrintAllHeaders" name="GetHeader" time="3.958"/>
</testsuite> <!-- com.bridgelabz.GET_PrintAllHeaders -->
