<?xml version="1.0" encoding="UTF-8"?>
<!-- Generated by org.testng.reporters.JUnitReportReporter -->
<testsuite hostname="FH400" failures="0" tests="1" name="DataDrivenTest.DataDrivenTest_AddNewEmp" time="0.000" errors="0" timestamp="27 Jul 2019 04:07:07 GMT" skipped="1">
  <testcase classname="DataDrivenTest.DataDrivenTest_AddNewEmp" name="postaddNewEmp" time="0.000">
    <skipped/>
  </testcase> <!-- postaddNewEmp -->
</testsuite> <!-- DataDrivenTest.DataDrivenTest_AddNewEmp -->
