<?xml version="1.0" encoding="UTF-8"?>
<!-- Generated by org.testng.reporters.JUnitReportReporter -->
<testsuite hostname="FH400" failures="0" tests="1" name="com.bridgelabz.GET_Request_Authorization" time="4.745" errors="0" timestamp="26 Jul 2019 04:55:06 GMT" skipped="0">
  <testcase classname="com.bridgelabz.GET_Request_Authorization" name="AuthoriztaionTest" time="4.745"/>
</testsuite> <!-- com.bridgelabz.GET_Request_Authorization -->
