<?xml version="1.0" encoding="UTF-8"?>
<!-- Generated by org.testng.reporters.JUnitReportReporter -->
<testsuite hostname="FH400" failures="0" tests="1" name="com.bridgelabz.POST_Request" time="3.100" errors="0" timestamp="25 Jul 2019 11:17:42 GMT" skipped="0">
  <testcase classname="com.bridgelabz.POST_Request" name="Registration_POST" time="3.100"/>
</testsuite> <!-- com.bridgelabz.POST_Request -->
