<?xml version="1.0" encoding="UTF-8"?>
<!-- Generated by org.testng.reporters.JUnitReportReporter -->
<testsuite hostname="FH400" failures="0" tests="1" name="com.bridgelabz.GET_validateHeaders" time="2.202" errors="0" timestamp="25 Jul 2019 12:48:07 GMT" skipped="0">
  <testcase classname="com.bridgelabz.GET_validateHeaders" name="GET1_ALLusers" time="2.202"/>
</testsuite> <!-- com.bridgelabz.GET_validateHeaders -->
