<?xml version="1.0" encoding="UTF-8"?>
<!-- Generated by org.testng.reporters.JUnitReportReporter -->
<testsuite hostname="FH400" failures="0" tests="2" name="com.bridgelabz.GET_Request" time="2.756" errors="0" timestamp="25 Jul 2019 12:47:44 GMT" skipped="0">
  <testcase classname="com.bridgelabz.GET_Request" name="GET" time="2.648"/>
  <testcase classname="com.bridgelabz.GET_Request" name="GET1_ALLusers" time="0.108"/>
</testsuite> <!-- com.bridgelabz.GET_Request -->
