<?xml version="1.0" encoding="UTF-8"?>
<!-- Generated by org.testng.reporters.JUnitReportReporter -->
<testsuite hostname="FH400" failures="0" tests="1" name="com.bridgelabz.GET_validatingJsonResponse" time="6.120" errors="0" timestamp="26 Jul 2019 03:43:06 GMT" skipped="0">
  <testcase classname="com.bridgelabz.GET_validatingJsonResponse" name="GET1_ValidateJsonRes" time="6.120"/>
</testsuite> <!-- com.bridgelabz.GET_validatingJsonResponse -->
